2025-03-08 13:59:20,041 - ERROR - All scraping attempts failed.
2025-03-08 13:59:20,041 - WARNING - No new numbers found.
2025-03-08 13:59:46,225 - ERROR - All scraping attempts failed.
2025-03-08 13:59:46,225 - WARNING - No new numbers found.
2025-03-08 14:00:12,415 - ERROR - All scraping attempts failed.
2025-03-08 14:00:12,415 - WARNING - No new numbers found.
2025-03-08 14:00:17,532 - INFO - Script stopped by user.
2025-03-08 14:15:32,735 - WARNING - Could not find round history elements.
2025-03-08 14:15:32,800 - WARNING - No new numbers found.
2025-03-08 14:15:32,802 - ERROR - Error in extract_features: only integer scalar arrays can be converted to a scalar index
2025-03-08 14:15:32,802 - INFO - Not enough data to train the model after augmentation.
2025-03-08 14:15:44,744 - WARNING - Could not find round history elements.
2025-03-08 14:15:44,798 - WARNING - No new numbers found.
2025-03-08 14:15:44,799 - ERROR - Error in extract_features: only integer scalar arrays can be converted to a scalar index
2025-03-08 14:15:44,799 - INFO - Not enough data to train the model after augmentation.
2025-03-08 14:15:57,386 - WARNING - Could not find round history elements.
2025-03-08 14:15:57,439 - WARNING - No new numbers found.
2025-03-08 14:15:57,440 - ERROR - Error in extract_features: only integer scalar arrays can be converted to a scalar index
2025-03-08 14:15:57,440 - INFO - Not enough data to train the model after augmentation.
2025-03-08 14:16:09,822 - WARNING - Could not find round history elements.
2025-03-08 14:16:09,876 - WARNING - No new numbers found.
2025-03-08 14:16:09,877 - ERROR - Error in extract_features: only integer scalar arrays can be converted to a scalar index
2025-03-08 14:16:09,878 - INFO - Not enough data to train the model after augmentation.
2025-03-08 14:16:22,520 - WARNING - Could not find round history elements.
2025-03-08 14:16:22,578 - WARNING - No new numbers found.
2025-03-08 14:16:22,580 - ERROR - Error in extract_features: only integer scalar arrays can be converted to a scalar index
2025-03-08 14:16:22,580 - INFO - Not enough data to train the model after augmentation.
2025-03-08 14:16:34,817 - WARNING - Could not find round history elements.
2025-03-08 14:16:34,870 - WARNING - No new numbers found.
2025-03-08 14:16:34,872 - ERROR - Error in extract_features: only integer scalar arrays can be converted to a scalar index
2025-03-08 14:16:34,872 - INFO - Not enough data to train the model after augmentation.
2025-03-08 14:16:47,433 - WARNING - Could not find round history elements.
2025-03-08 14:16:47,488 - WARNING - No new numbers found.
2025-03-08 14:16:47,490 - ERROR - Error in extract_features: only integer scalar arrays can be converted to a scalar index
2025-03-08 14:16:47,490 - INFO - Not enough data to train the model after augmentation.
2025-03-08 14:16:59,730 - WARNING - Could not find round history elements.
2025-03-08 14:16:59,785 - WARNING - No new numbers found.
2025-03-08 14:16:59,787 - ERROR - Error in extract_features: only integer scalar arrays can be converted to a scalar index
2025-03-08 14:16:59,787 - INFO - Not enough data to train the model after augmentation.
2025-03-08 14:17:12,350 - WARNING - Could not find round history elements.
2025-03-08 14:17:12,406 - WARNING - No new numbers found.
2025-03-08 14:17:12,408 - ERROR - Error in extract_features: only integer scalar arrays can be converted to a scalar index
2025-03-08 14:17:12,408 - INFO - Not enough data to train the model after augmentation.
2025-03-08 14:17:25,009 - WARNING - Could not find round history elements.
2025-03-08 14:17:25,063 - WARNING - No new numbers found.
2025-03-08 14:17:25,064 - ERROR - Error in extract_features: only integer scalar arrays can be converted to a scalar index
2025-03-08 14:17:25,064 - INFO - Not enough data to train the model after augmentation.
2025-03-08 14:17:37,260 - WARNING - Could not find round history elements.
2025-03-08 14:17:37,312 - WARNING - No new numbers found.
2025-03-08 14:17:37,314 - ERROR - Error in extract_features: only integer scalar arrays can be converted to a scalar index
2025-03-08 14:17:37,314 - INFO - Not enough data to train the model after augmentation.
2025-03-08 14:17:49,859 - WARNING - Could not find round history elements.
2025-03-08 14:17:49,912 - WARNING - No new numbers found.
2025-03-08 14:17:49,913 - ERROR - Error in extract_features: only integer scalar arrays can be converted to a scalar index
2025-03-08 14:17:49,913 - INFO - Not enough data to train the model after augmentation.
2025-03-08 14:18:02,498 - WARNING - Could not find round history elements.
2025-03-08 14:18:02,553 - WARNING - No new numbers found.
2025-03-08 14:18:02,554 - ERROR - Error in extract_features: only integer scalar arrays can be converted to a scalar index
2025-03-08 14:18:02,555 - INFO - Not enough data to train the model after augmentation.
2025-03-08 14:18:14,807 - WARNING - Could not find round history elements.
2025-03-08 14:18:14,860 - WARNING - No new numbers found.
2025-03-08 14:18:14,862 - ERROR - Error in extract_features: only integer scalar arrays can be converted to a scalar index
2025-03-08 14:18:14,862 - INFO - Not enough data to train the model after augmentation.
2025-03-08 14:18:27,504 - WARNING - Could not find round history elements.
2025-03-08 14:18:27,557 - WARNING - No new numbers found.
2025-03-08 14:18:27,559 - ERROR - Error in extract_features: only integer scalar arrays can be converted to a scalar index
2025-03-08 14:18:27,559 - INFO - Not enough data to train the model after augmentation.
2025-03-08 14:18:39,487 - WARNING - Could not find round history elements.
2025-03-08 14:18:39,540 - WARNING - No new numbers found.
2025-03-08 14:18:39,541 - ERROR - Error in extract_features: only integer scalar arrays can be converted to a scalar index
2025-03-08 14:18:39,542 - INFO - Not enough data to train the model after augmentation.
2025-03-08 14:18:51,797 - WARNING - Could not find round history elements.
2025-03-08 14:18:51,852 - WARNING - No new numbers found.
2025-03-08 14:18:51,854 - ERROR - Error in extract_features: only integer scalar arrays can be converted to a scalar index
2025-03-08 14:18:51,854 - INFO - Not enough data to train the model after augmentation.
2025-03-08 14:19:03,816 - WARNING - Could not find round history elements.
2025-03-08 14:19:03,869 - WARNING - No new numbers found.
2025-03-08 14:19:03,871 - ERROR - Error in extract_features: only integer scalar arrays can be converted to a scalar index
2025-03-08 14:19:03,871 - INFO - Not enough data to train the model after augmentation.
2025-03-08 14:19:16,241 - WARNING - Could not find round history elements.
2025-03-08 14:19:16,296 - WARNING - No new numbers found.
2025-03-08 14:19:16,297 - ERROR - Error in extract_features: only integer scalar arrays can be converted to a scalar index
2025-03-08 14:19:16,298 - INFO - Not enough data to train the model after augmentation.
2025-03-08 14:19:28,253 - WARNING - Could not find round history elements.
2025-03-08 14:19:28,311 - WARNING - No new numbers found.
2025-03-08 14:19:28,312 - ERROR - Error in extract_features: only integer scalar arrays can be converted to a scalar index
2025-03-08 14:19:28,312 - INFO - Not enough data to train the model after augmentation.
2025-03-08 14:19:40,513 - WARNING - Could not find round history elements.
2025-03-08 14:19:40,573 - WARNING - No new numbers found.
2025-03-08 14:19:40,575 - ERROR - Error in extract_features: only integer scalar arrays can be converted to a scalar index
2025-03-08 14:19:40,575 - INFO - Not enough data to train the model after augmentation.
2025-03-08 14:19:52,849 - WARNING - Could not find round history elements.
2025-03-08 14:19:52,903 - WARNING - No new numbers found.
2025-03-08 14:19:52,905 - ERROR - Error in extract_features: only integer scalar arrays can be converted to a scalar index
2025-03-08 14:19:52,906 - INFO - Not enough data to train the model after augmentation.
2025-03-08 14:20:05,171 - WARNING - Could not find round history elements.
2025-03-08 14:20:05,229 - WARNING - No new numbers found.
2025-03-08 14:20:05,231 - ERROR - Error in extract_features: only integer scalar arrays can be converted to a scalar index
2025-03-08 14:20:05,231 - INFO - Not enough data to train the model after augmentation.
2025-03-08 14:20:17,840 - WARNING - Could not find round history elements.
2025-03-08 14:20:17,894 - WARNING - No new numbers found.
2025-03-08 14:20:17,896 - ERROR - Error in extract_features: only integer scalar arrays can be converted to a scalar index
2025-03-08 14:20:17,896 - INFO - Not enough data to train the model after augmentation.
2025-03-08 14:20:30,801 - WARNING - Could not find round history elements.
2025-03-08 14:20:30,854 - WARNING - No new numbers found.
2025-03-08 14:20:30,855 - ERROR - Error in extract_features: only integer scalar arrays can be converted to a scalar index
2025-03-08 14:20:30,856 - INFO - Not enough data to train the model after augmentation.
2025-03-08 14:20:32,470 - INFO - Script stopped by user.
2025-03-08 14:27:00,927 - INFO - Navigated to https://aviator-next.spribegaming.com/?user=18838635&token=d1101768-2620-4900-bae9-220461fde72b&currency=INR&lang=en&operator=betinexchangecom&return_url=https:%2F%2Fplayinmatch.com
2025-03-08 14:27:15,942 - WARNING - Selector div.payouts-block div.payouts div.payout app-bubble-multiplier div.bubble-multiplier.font-weight-bold not found, trying next.
2025-03-08 14:27:30,955 - WARNING - Selector div[_ngcontent-otc-c110] div.payouts.ng-star-inserted div.payout app-bubble-multiplier[_ngcontent-otc-c110] div.bubble-multiplier.font-weight-bold not found, trying next.
2025-03-08 14:27:30,955 - WARNING - Could not find any target elements after waiting.
2025-03-08 14:27:31,011 - WARNING - No new numbers found.
2025-03-08 14:27:31,012 - ERROR - Error in extract_features: The truth value of an array with more than one element is ambiguous. Use a.any() or a.all()
2025-03-08 14:27:31,012 - INFO - Not enough data to train the model after augmentation.
2025-03-08 14:27:38,223 - INFO - Navigated to https://aviator-next.spribegaming.com/?user=18838635&token=d1101768-2620-4900-bae9-220461fde72b&currency=INR&lang=en&operator=betinexchangecom&return_url=https:%2F%2Fplayinmatch.com
2025-03-08 14:27:53,229 - WARNING - Selector div.payouts-block div.payouts div.payout app-bubble-multiplier div.bubble-multiplier.font-weight-bold not found, trying next.
2025-03-08 14:27:59,930 - INFO - Script stopped by user.
2025-03-08 14:27:59,976 - ERROR - Future exception was never retrieved
future: <Future finished exception=TargetClosedError('Target page, context or browser has been closed')>
playwright._impl._errors.TargetClosedError: Target page, context or browser has been closed
2025-03-08 14:32:24,819 - INFO - Navigated to https://aviator-next.spribegaming.com/?user=18838635&token=d1101768-2620-4900-bae9-220461fde72b&currency=INR&lang=en&operator=betinexchangecom&return_url=https:%2F%2Fplayinmatch.com
2025-03-08 14:32:44,892 - WARNING - Could not find elements with selector: app-bubble-multiplier.bubble-multiplier div.bubble-multiplier.font-weight-bold after 20.0 seconds.
2025-03-08 14:32:44,950 - WARNING - No new numbers found.
2025-03-08 14:32:44,952 - ERROR - Error in extract_features: The truth value of an array with more than one element is ambiguous. Use a.any() or a.all()
2025-03-08 14:32:44,952 - INFO - Not enough data to train the model after augmentation.
2025-03-08 14:32:52,606 - INFO - Navigated to https://aviator-next.spribegaming.com/?user=18838635&token=d1101768-2620-4900-bae9-220461fde72b&currency=INR&lang=en&operator=betinexchangecom&return_url=https:%2F%2Fplayinmatch.com
2025-03-08 14:33:12,670 - WARNING - Could not find elements with selector: app-bubble-multiplier.bubble-multiplier div.bubble-multiplier.font-weight-bold after 20.0 seconds.
2025-03-08 14:33:12,728 - WARNING - No new numbers found.
2025-03-08 14:33:12,729 - ERROR - Error in extract_features: The truth value of an array with more than one element is ambiguous. Use a.any() or a.all()
2025-03-08 14:33:12,729 - INFO - Not enough data to train the model after augmentation.
2025-03-08 14:33:20,231 - INFO - Navigated to https://aviator-next.spribegaming.com/?user=18838635&token=d1101768-2620-4900-bae9-220461fde72b&currency=INR&lang=en&operator=betinexchangecom&return_url=https:%2F%2Fplayinmatch.com
2025-03-08 14:33:40,296 - WARNING - Could not find elements with selector: app-bubble-multiplier.bubble-multiplier div.bubble-multiplier.font-weight-bold after 20.0 seconds.
2025-03-08 14:33:40,355 - WARNING - No new numbers found.
2025-03-08 14:33:40,356 - ERROR - Error in extract_features: The truth value of an array with more than one element is ambiguous. Use a.any() or a.all()
2025-03-08 14:33:40,356 - INFO - Not enough data to train the model after augmentation.
2025-03-08 14:33:47,909 - INFO - Navigated to https://aviator-next.spribegaming.com/?user=18838635&token=d1101768-2620-4900-bae9-220461fde72b&currency=INR&lang=en&operator=betinexchangecom&return_url=https:%2F%2Fplayinmatch.com
2025-03-08 14:34:07,973 - WARNING - Could not find elements with selector: app-bubble-multiplier.bubble-multiplier div.bubble-multiplier.font-weight-bold after 20.0 seconds.
2025-03-08 14:34:08,039 - WARNING - No new numbers found.
2025-03-08 14:34:08,041 - ERROR - Error in extract_features: The truth value of an array with more than one element is ambiguous. Use a.any() or a.all()
2025-03-08 14:34:08,042 - INFO - Not enough data to train the model after augmentation.
2025-03-08 14:34:15,564 - INFO - Navigated to https://aviator-next.spribegaming.com/?user=18838635&token=d1101768-2620-4900-bae9-220461fde72b&currency=INR&lang=en&operator=betinexchangecom&return_url=https:%2F%2Fplayinmatch.com
2025-03-08 14:34:35,631 - WARNING - Could not find elements with selector: app-bubble-multiplier.bubble-multiplier div.bubble-multiplier.font-weight-bold after 20.0 seconds.
2025-03-08 14:34:35,689 - WARNING - No new numbers found.
2025-03-08 14:34:35,690 - ERROR - Error in extract_features: The truth value of an array with more than one element is ambiguous. Use a.any() or a.all()
2025-03-08 14:34:35,690 - INFO - Not enough data to train the model after augmentation.
2025-03-08 14:34:42,922 - INFO - Navigated to https://aviator-next.spribegaming.com/?user=18838635&token=d1101768-2620-4900-bae9-220461fde72b&currency=INR&lang=en&operator=betinexchangecom&return_url=https:%2F%2Fplayinmatch.com
2025-03-08 14:35:02,990 - WARNING - Could not find elements with selector: app-bubble-multiplier.bubble-multiplier div.bubble-multiplier.font-weight-bold after 20.0 seconds.
2025-03-08 14:35:03,050 - WARNING - No new numbers found.
2025-03-08 14:35:03,051 - ERROR - Error in extract_features: The truth value of an array with more than one element is ambiguous. Use a.any() or a.all()
2025-03-08 14:35:03,051 - INFO - Not enough data to train the model after augmentation.
2025-03-08 14:35:10,671 - INFO - Navigated to https://aviator-next.spribegaming.com/?user=18838635&token=d1101768-2620-4900-bae9-220461fde72b&currency=INR&lang=en&operator=betinexchangecom&return_url=https:%2F%2Fplayinmatch.com
2025-03-08 14:35:28,354 - INFO - Script stopped by user.
2025-03-08 14:42:00,030 - INFO - Navigated to https://aviator-next.spribegaming.com/?user=18838635&token=d1101768-2620-4900-bae9-220461fde72b&currency=INR&lang=en&operator=betinexchangecom&return_url=https:%2F%2Fplayinmatch.com
2025-03-08 14:42:15,086 - ERROR - Scraping attempt 1/3 failed: Page.wait_for_selector: Timeout 15000ms exceeded.
Call log:
  - waiting for locator("div.payouts-block") to be visible

2025-03-08 14:42:22,825 - INFO - Navigated to https://aviator-next.spribegaming.com/?user=18838635&token=d1101768-2620-4900-bae9-220461fde72b&currency=INR&lang=en&operator=betinexchangecom&return_url=https:%2F%2Fplayinmatch.com
2025-03-08 14:42:37,889 - ERROR - Scraping attempt 2/3 failed: Page.wait_for_selector: Timeout 15000ms exceeded.
Call log:
  - waiting for locator("div.payouts-block") to be visible

2025-03-08 14:42:50,459 - INFO - Navigated to https://aviator-next.spribegaming.com/?user=18838635&token=d1101768-2620-4900-bae9-220461fde72b&currency=INR&lang=en&operator=betinexchangecom&return_url=https:%2F%2Fplayinmatch.com
2025-03-08 14:43:05,517 - ERROR - Scraping attempt 3/3 failed: Page.wait_for_selector: Timeout 15000ms exceeded.
Call log:
  - waiting for locator("div.payouts-block") to be visible

2025-03-08 14:43:05,517 - ERROR - All scraping attempts failed.
2025-03-08 14:43:05,518 - ERROR - Error in main loop: Event loop is closed! Is Playwright already stopped?
2025-03-08 14:43:08,351 - INFO - Script stopped by user.
2025-03-08 14:45:27,358 - INFO - Navigated to https://aviator-next.spribegaming.com/?user=18838635&token=d1101768-2620-4900-bae9-220461fde72b&currency=INR&lang=en&operator=betinexchangecom&return_url=https:%2F%2Fplayinmatch.com
2025-03-08 14:45:57,373 - WARNING - Parent selector div.payouts-block not found: Page.wait_for_selector: Timeout 30000ms exceeded.
Call log:
  - waiting for locator("div.payouts-block")

2025-03-08 14:46:27,383 - WARNING - Parent selector div.payouts not found: Page.wait_for_selector: Timeout 30000ms exceeded.
Call log:
  - waiting for locator("div.payouts")

2025-03-08 14:46:27,393 - INFO - Parent container body detected.
2025-03-08 14:47:14,463 - WARNING - Could not find elements with selector: div[appcoloredmultiplier].bubble-multiplier.font-weight-bold after 45.0 seconds.
2025-03-08 14:47:14,526 - WARNING - No new numbers found.
2025-03-08 14:47:14,528 - ERROR - Error in extract_features: The truth value of an array with more than one element is ambiguous. Use a.any() or a.all()
2025-03-08 14:47:14,528 - INFO - Not enough data to train the model after augmentation.
2025-03-08 14:47:21,698 - INFO - Navigated to https://aviator-next.spribegaming.com/?user=18838635&token=d1101768-2620-4900-bae9-220461fde72b&currency=INR&lang=en&operator=betinexchangecom&return_url=https:%2F%2Fplayinmatch.com
2025-03-08 14:47:51,704 - WARNING - Parent selector div.payouts-block not found: Page.wait_for_selector: Timeout 30000ms exceeded.
Call log:
  - waiting for locator("div.payouts-block")

2025-03-08 14:48:00,748 - INFO - Script stopped by user.
2025-03-08 14:48:00,793 - ERROR - Future exception was never retrieved
future: <Future finished exception=TargetClosedError('Target page, context or browser has been closed')>
playwright._impl._errors.TargetClosedError: Target page, context or browser has been closed
2025-03-08 15:14:37,131 - INFO - Augmented data length: 550
2025-03-08 15:14:37,132 - ERROR - Error in extract_features: The truth value of an array with more than one element is ambiguous. Use a.any() or a.all()
2025-03-08 15:14:37,132 - WARNING - Extracted features length: 0. Not enough data to train the model after augmentation.
2025-03-08 15:14:37,132 - WARNING - Initial prediction failed: Not enough data to train the model after augmentation.
2025-03-08 15:14:46,172 - INFO - Navigated to https://aviator-next.spribegaming.com/?user=18838635&token=d1101768-2620-4900-bae9-220461fde72b&currency=INR&lang=en&operator=betinexchangecom&return_url=https:%2F%2Fplayinmatch.com
2025-03-08 15:15:46,176 - WARNING - Parent selector div.payouts-block not found: Page.wait_for_selector: Timeout 60000ms exceeded.
Call log:
  - waiting for locator("div.payouts-block")

2025-03-08 15:16:46,183 - WARNING - Parent selector div.payouts not found: Page.wait_for_selector: Timeout 60000ms exceeded.
Call log:
  - waiting for locator("div.payouts")

2025-03-08 15:16:46,191 - INFO - Parent container body detected.
2025-03-08 15:17:49,253 - WARNING - Could not find elements with selector: div.bubble-multiplier.font-weight-bold after 60.0 seconds.
2025-03-08 15:17:49,340 - WARNING - No new numbers found.
2025-03-08 15:17:56,393 - INFO - Navigated to https://aviator-next.spribegaming.com/?user=18838635&token=d1101768-2620-4900-bae9-220461fde72b&currency=INR&lang=en&operator=betinexchangecom&return_url=https:%2F%2Fplayinmatch.com
2025-03-08 15:18:56,408 - WARNING - Parent selector div.payouts-block not found: Page.wait_for_selector: Timeout 60000ms exceeded.
Call log:
  - waiting for locator("div.payouts-block")

2025-03-08 15:19:56,419 - WARNING - Parent selector div.payouts not found: Page.wait_for_selector: Timeout 60000ms exceeded.
Call log:
  - waiting for locator("div.payouts")

2025-03-08 15:19:56,429 - INFO - Parent container body detected.
2025-03-08 15:19:58,045 - INFO - Script stopped by user.
2025-03-08 15:19:58,045 - INFO - Shutting down.
2025-03-08 15:28:58,803 - INFO - Augmented data length: 550
2025-03-08 15:28:58,803 - INFO - Input numbers length: 550
2025-03-08 15:28:58,805 - ERROR - Error in extract_features: only integer scalar arrays can be converted to a scalar index
2025-03-08 15:28:58,805 - WARNING - Extracted features length: 0. Not enough data to train the model after augmentation.
2025-03-08 15:28:58,805 - WARNING - Initial prediction failed: Not enough data to train the model after augmentation.
2025-03-08 15:29:05,081 - INFO - Navigated to https://aviator-next.spribegaming.com/?user=18838635&token=d1101768-2620-4900-bae9-220461fde72b&currency=INR&lang=en&operator=betinexchangecom&return_url=https:%2F%2Fplayinmatch.com
2025-03-08 15:30:02,143 - WARNING - Parent selector div.payouts.ng-star-inserted not found: Page.wait_for_selector: Timeout 30000ms exceeded.
Call log:
  - waiting for locator("div.payouts.ng-star-inserted")

2025-03-08 15:30:32,154 - WARNING - Parent selector div.payouts-block not found: Page.wait_for_selector: Timeout 30000ms exceeded.
Call log:
  - waiting for locator("div.payouts-block")

2025-03-08 15:31:02,156 - WARNING - Parent selector div.payouts not found: Page.wait_for_selector: Timeout 30000ms exceeded.
Call log:
  - waiting for locator("div.payouts")

2025-03-08 15:31:32,161 - WARNING - Parent selector div.payout not found: Page.wait_for_selector: Timeout 30000ms exceeded.
Call log:
  - waiting for locator("div.payout")

2025-03-08 15:32:02,172 - WARNING - Parent selector div.history-block not found: Page.wait_for_selector: Timeout 30000ms exceeded.
Call log:
  - waiting for locator("div.history-block")

2025-03-08 15:32:02,182 - INFO - Parent container body detected.
2025-03-08 15:33:08,389 - WARNING - Could not find elements with any selector after 60.0 seconds. Page HTML dumped to logs/page_dump_attempt_1.html
2025-03-08 15:33:08,454 - WARNING - No new numbers found.
2025-03-08 15:33:15,878 - INFO - Navigated to https://aviator-next.spribegaming.com/?user=18838635&token=d1101768-2620-4900-bae9-220461fde72b&currency=INR&lang=en&operator=betinexchangecom&return_url=https:%2F%2Fplayinmatch.com
2025-03-08 15:34:12,943 - WARNING - Parent selector div.payouts.ng-star-inserted not found: Page.wait_for_selector: Timeout 30000ms exceeded.
Call log:
  - waiting for locator("div.payouts.ng-star-inserted")

2025-03-08 15:34:42,956 - WARNING - Parent selector div.payouts-block not found: Page.wait_for_selector: Timeout 30000ms exceeded.
Call log:
  - waiting for locator("div.payouts-block")

2025-03-08 15:34:56,432 - INFO - Script stopped by user.
2025-03-08 15:34:56,432 - INFO - Shutting down.
2025-03-08 15:34:56,472 - ERROR - Future exception was never retrieved
future: <Future finished exception=TargetClosedError('Target page, context or browser has been closed')>
playwright._impl._errors.TargetClosedError: Target page, context or browser has been closed
